<?xml version="1.0" encoding="UTF-8"?>
<testsuite name="com.warus.gallery_api.GalleryApiApplicationTests" tests="1" skipped="0" failures="0" errors="0" timestamp="2025-04-18T10:46:21.660Z" hostname="A127616" time="0.36">
  <properties/>
  <testcase name="contextLoads()" classname="com.warus.gallery_api.GalleryApiApplicationTests" time="0.36"/>
  <system-out><![CDATA[12:46:20.884 [Test worker] INFO org.springframework.test.context.support.AnnotationConfigContextLoaderUtils -- Could not detect default configuration classes for test class [com.warus.gallery_api.GalleryApiApplicationTests]: GalleryApiApplicationTests does not declare any static, non-private, non-final, nested classes annotated with @Configuration.
12:46:20.916 [Test worker] INFO org.springframework.boot.test.context.SpringBootTestContextBootstrapper -- Found @SpringBootConfiguration com.warus.gallery_api.GalleryApiApplication for test class com.warus.gallery_api.GalleryApiApplicationTests

  .   ____          _            __ _ _
 /\\ / ___'_ __ _ _(_)_ __  __ _ \ \ \ \
( ( )\___ | '_ | '_| | '_ \/ _` | \ \ \ \
 \\/  ___)| |_)| | | | | || (_| |  ) ) ) )
  '  |____| .__|_| |_|_| |_\__, | / / / /
 =========|_|==============|___/=/_/_/_/

 :: Spring Boot ::                (v3.4.4)

2025-04-18T12:46:21.049+02:00  INFO 72431 --- [gallery-api] [    Test worker] c.w.g.GalleryApiApplicationTests         : Starting GalleryApiApplicationTests using Java 21.0.6 with PID 72431 (started by marek.wargocki@schibsted.com in /Users/marek.wargocki@schibsted.com/dev/gallery/gallery-api)
2025-04-18T12:46:21.050+02:00  INFO 72431 --- [gallery-api] [    Test worker] c.w.g.GalleryApiApplicationTests         : No active profile set, falling back to 1 default profile: "default"
2025-04-18T12:46:21.544+02:00  WARN 72431 --- [gallery-api] [    Test worker] .s.s.UserDetailsServiceAutoConfiguration : 

Using generated security password: 2d91d512-d2d5-4aad-b951-338a170bc700

This generated password is for development use only. Your security configuration must be updated before running your application in production.

2025-04-18T12:46:21.556+02:00  INFO 72431 --- [gallery-api] [    Test worker] r$InitializeUserDetailsManagerConfigurer : Global AuthenticationManager configured with UserDetailsService bean with name inMemoryUserDetailsManager
2025-04-18T12:46:21.588+02:00  INFO 72431 --- [gallery-api] [    Test worker] o.s.b.a.e.web.EndpointLinksResolver      : Exposing 1 endpoint beneath base path '/actuator'
2025-04-18T12:46:21.624+02:00  INFO 72431 --- [gallery-api] [    Test worker] c.w.g.GalleryApiApplicationTests         : Started GalleryApiApplicationTests in 0.664 seconds (process running for 1.134)
]]></system-out>
  <system-err><![CDATA[Mockito is currently self-attaching to enable the inline-mock-maker. This will no longer work in future releases of the JDK. Please add Mockito as an agent to your build what is described in Mockito's documentation: https://javadoc.io/doc/org.mockito/mockito-core/latest/org/mockito/Mockito.html#0.3
WARNING: A Java agent has been loaded dynamically (/Users/marek.wargocki@schibsted.com/.gradle/caches/modules-2/files-2.1/net.bytebuddy/byte-buddy-agent/1.15.11/a38b16385e867f59a641330f0362ebe742788ed8/byte-buddy-agent-1.15.11.jar)
WARNING: If a serviceability tool is in use, please run with -XX:+EnableDynamicAgentLoading to hide this warning
WARNING: If a serviceability tool is not in use, please run with -Djdk.instrument.traceUsage for more information
WARNING: Dynamic loading of agents will be disallowed by default in a future release
]]></system-err>
</testsuite>
